k4l-video-trimmer/build/intermediates/manifest_merge_blame_file/debug/manifest-merger-blame-debug-report.txt
1<?xml version="1.0" encoding="utf-8"?>
2<manifest xmlns:android="http://schemas.android.com/apk/res/android"
3    package="life.knowledge4.videotrimmer" >
4
5    <uses-sdk android:minSdkVersion="16" />
5-->src\main\AndroidManifest.xml
6
7    <uses-permission android:name="android.permission.WRITE_EXTERNAL_STORAGE" />
7-->src\main\AndroidManifest.xml:4:5-81
7-->src\main\AndroidManifest.xml:4:22-78
8
9    <application android:allowBackup="true" >
9-->src\main\AndroidManifest.xml:6:5-9:19
9-->src\main\AndroidManifest.xml:7:9-35
10    </application>
11
12</manifest>